<?xml version="1.0" encoding="utf-8"?><testsuites name="pytest tests"><testsuite name="pytest" errors="0" failures="0" skipped="0" tests="20" time="4.460" timestamp="2026-07-06T20:02:53.449402+00:00" hostname="agent-env-2780245b-25cb-412f-90e2-0a066d2446cd"><testcase classname="tests.test_helpdesk_v2_features.TestPriorityMatrix" name="test_get_priority_matrix" time="2.362" /><testcase classname="tests.test_helpdesk_v2_features.TestCsatAdminList" name="test_csat_list_requires_admin" time="2.357" /><testcase classname="tests.test_helpdesk_v2_features.TestCsatAdminList" name="test_csat_list_admin_ok" time="0.111" /><testcase classname="tests.test_helpdesk_v2_features.TestPriorityMatrix" name="test_update_priority_matrix_requires_admin" time="0.136" /><testcase classname="tests.test_helpdesk_v2_features.TestCsatAdminList" name="test_csat_list_rating_filter" time="0.126" /><testcase classname="tests.test_helpdesk_v2_features.TestPriorityMatrix" name="test_update_priority_matrix_and_verify_persistence" time="0.507" /><testcase classname="tests.test_helpdesk_v2_features.TestCsatAdminList" name="test_csat_list_status_filter" time="0.108" /><testcase classname="tests.test_helpdesk_v2_features.TestTicketFilters" name="test_my_tickets_tag_date_filters" time="0.115" /><testcase classname="tests.test_helpdesk_v2_features.TestTicketFilters" name="test_queue_sla_min_pct_filter" time="0.141" /><testcase classname="tests.test_helpdesk_v2_features.TestTicketFilters" name="test_all_tickets_admin_filters" time="0.102" /><testcase classname="tests.test_helpdesk_v2_features.TestPriorityMatrix" name="test_update_priority_matrix_unknown_combo" time="0.113" /><testcase classname="tests.test_helpdesk_v2_features.TestTicketFilters" name="test_all_tickets_requires_admin" time="0.110" /><testcase classname="tests.test_helpdesk_v2_features.TestBusinessCalendar" name="test_get_calendar_requires_admin" time="0.097" /><testcase classname="tests.test_helpdesk_v2_features.TestUsersHeartbeatAndFilters" name="test_heartbeat_marks_online" time="0.208" /><testcase classname="tests.test_helpdesk_v2_features.TestBusinessCalendar" name="test_get_calendar_admin_ok" time="0.142" /><testcase classname="tests.test_helpdesk_v2_features.TestBusinessCalendar" name="test_update_calendar_and_verify_persistence" time="0.460" /><testcase classname="tests.test_helpdesk_v2_features.TestUsersHeartbeatAndFilters" name="test_admin_list_users_search_filter" time="0.102" /><testcase classname="tests.test_helpdesk_v2_features.TestUsersHeartbeatAndFilters" name="test_admin_list_users_role_filter" time="0.167" /><testcase classname="tests.test_helpdesk_v2_features.TestAdminTicketCreationOnBehalf" name="test_admin_create_ticket_on_behalf_of_employee" time="0.211" /><testcase classname="tests.test_helpdesk_v2_features.TestAdminTicketCreationOnBehalf" name="test_employee_cannot_pass_requester_id_for_self" time="0.107" /></testsuite></testsuites>