<?xml version="1.0" encoding="utf-8"?><testsuites name="pytest tests"><testsuite name="pytest" errors="0" failures="0" skipped="0" tests="11" time="2.155" timestamp="2026-07-06T20:37:19.369460+00:00" hostname="agent-env-2780245b-25cb-412f-90e2-0a066d2446cd"><testcase classname="tests.test_helpdesk_v2_batch2.TestPaginationCsat" name="test_csat_admin_paginated_shape" time="1.811" /><testcase classname="tests.test_helpdesk_v2_batch2.TestPaginationAllTickets" name="test_all_tickets_returns_paginated_shape" time="1.809" /><testcase classname="tests.test_helpdesk_v2_batch2.TestPaginationCsat" name="test_csat_employee_allowed_scoped_to_self" time="0.009" /><testcase classname="tests.test_helpdesk_v2_batch2.TestPaginationAllTickets" name="test_all_tickets_page_2_differs" time="0.006" /><testcase classname="tests.test_helpdesk_v2_batch2.TestPaginationAllTickets" name="test_unassigned_queue_filter" time="0.004" /><testcase classname="tests.test_helpdesk_v2_batch2.TestAdminTicketCreationAsSelf" name="test_admin_create_ticket_no_requester_dropdown_creates_as_self" time="0.007" /><testcase classname="tests.test_helpdesk_v2_batch2.TestPaginationCsat" name="test_csat_technician_forbidden" time="0.003" /><testcase classname="tests.test_helpdesk_v2_batch2.TestMessageAttachmentOnlyBugFix" name="test_message_with_attachment_no_content_succeeds" time="0.018" /><testcase classname="tests.test_helpdesk_v2_batch2.TestAdminTicketCreationAsSelf" name="test_admin_create_ticket_ignores_requester_id_if_sent" time="0.011" /><testcase classname="tests.test_helpdesk_v2_batch2.TestPaginationUsers" name="test_users_returns_paginated_shape" time="0.004" /><testcase classname="tests.test_helpdesk_v2_batch2.TestMessageAttachmentOnlyBugFix" name="test_message_with_no_content_and_no_attachment_fails_422" time="0.008" /></testsuite></testsuites>