<?xml version="1.0" encoding="utf-8"?><testsuites name="pytest tests"><testsuite name="pytest" errors="0" failures="0" skipped="0" tests="27" time="12.913" timestamp="2026-07-06T20:03:08.639536+00:00" hostname="agent-env-2780245b-25cb-412f-90e2-0a066d2446cd"><testcase classname="tests.test_helpdesk_e2e.TestAdminConfigKanbanTimelineMonitor" name="test_get_and_switch_algorithm" time="2.921" /><testcase classname="tests.test_helpdesk_e2e.TestAuth" name="test_login_success_all_roles" time="2.248" /><testcase classname="tests.test_helpdesk_e2e.TestAuth" name="test_login_invalid_password" time="0.329" /><testcase classname="tests.test_helpdesk_e2e.TestAuth" name="test_login_unknown_user" time="0.148" /><testcase classname="tests.test_helpdesk_e2e.TestAuth" name="test_me_endpoint" time="0.110" /><testcase classname="tests.test_helpdesk_e2e.TestAuth" name="test_register_pending_then_blocked_login" time="0.718" /><testcase classname="tests.test_helpdesk_e2e.TestAdminConfigKanbanTimelineMonitor" name="test_sla_policy_edit_persists" time="0.762" /><testcase classname="tests.test_helpdesk_e2e.TestTicketLifecycle" name="test_create_ticket_priority_and_autoassign" time="1.436" /><testcase classname="tests.test_helpdesk_e2e.TestAdminConfigKanbanTimelineMonitor" name="test_kanban_columns" time="0.098" /><testcase classname="tests.test_helpdesk_e2e.TestAdminConfigKanbanTimelineMonitor" name="test_timeline_events" time="0.121" /><testcase classname="tests.test_helpdesk_e2e.TestAdminConfigKanbanTimelineMonitor" name="test_monitor_users_and_tickets" time="0.203" /><testcase classname="tests.test_helpdesk_e2e.TestAdminConfigKanbanTimelineMonitor" name="test_non_admin_blocked_from_admin_routes" time="0.226" /><testcase classname="tests.test_helpdesk_e2e.TestTicketLifecycle" name="test_employee_ticket_appears_in_my_tickets" time="0.327" /><testcase classname="tests.test_helpdesk_e2e.TestTicketLifecycle" name="test_employee_cannot_create_ticket_role_blocked_for_technician" time="0.118" /><testcase classname="tests.test_helpdesk_e2e.TestTicketLifecycle" name="test_technician_queue_visible" time="0.241" /><testcase classname="tests.test_helpdesk_e2e.TestTicketLifecycle" name="test_employee_cannot_access_queue" time="0.102" /><testcase classname="tests.test_helpdesk_e2e.TestAdminUserManagement" name="test_admin_create_user_direct" time="1.943" /><testcase classname="tests.test_helpdesk_e2e.TestAdminUserManagement" name="test_admin_activate_pending_user" time="1.119" /><testcase classname="tests.test_helpdesk_e2e.TestAdminUserManagement" name="test_admin_suspend_and_deactivate" time="1.113" /><testcase classname="tests.test_helpdesk_e2e.TestAdminUserManagement" name="test_non_admin_cannot_list_users" time="0.115" /><testcase classname="tests.test_helpdesk_e2e.TestLocksMessagesResolveCsat" name="test_lock_acquire_and_conflict" time="3.634" /><testcase classname="tests.test_helpdesk_e2e.TestLocksMessagesResolveCsat" name="test_send_message_and_attachment" time="0.280" /><testcase classname="tests.test_helpdesk_e2e.TestLocksMessagesResolveCsat" name="test_resolve_ticket_creates_csat" time="0.217" /><testcase classname="tests.test_helpdesk_e2e.TestRejectAndTags" name="test_reject_ticket" time="1.372" /><testcase classname="tests.test_helpdesk_e2e.TestLocksMessagesResolveCsat" name="test_csat_submit_and_block_resubmit" time="0.217" /><testcase classname="tests.test_helpdesk_e2e.TestRejectAndTags" name="test_tags_create_attach_remove" time="0.469" /><testcase classname="tests.test_helpdesk_e2e.TestEscalationReassignment" name="test_escalate_flow" time="2.122" /></testsuite></testsuites>