<?xml version="1.0" encoding="utf-8"?><testsuites name="pytest tests"><testsuite name="pytest" errors="0" failures="0" skipped="0" tests="27" time="79.169" timestamp="2026-07-06T17:40:02.159557+00:00" hostname="agent-env-2780245b-25cb-412f-90e2-0a066d2446cd"><testcase classname="tests.test_helpdesk_e2e.TestAuth" name="test_login_success_all_roles" time="2.377" /><testcase classname="tests.test_helpdesk_e2e.TestAdminConfigKanbanTimelineMonitor" name="test_get_and_switch_algorithm" time="2.938" /><testcase classname="tests.test_helpdesk_e2e.TestAuth" name="test_login_invalid_password" time="0.340" /><testcase classname="tests.test_helpdesk_e2e.TestAuth" name="test_login_unknown_user" time="0.103" /><testcase classname="tests.test_helpdesk_e2e.TestAuth" name="test_me_endpoint" time="0.121" /><testcase classname="tests.test_helpdesk_e2e.TestAdminConfigKanbanTimelineMonitor" name="test_sla_policy_edit_persists" time="0.828" /><testcase classname="tests.test_helpdesk_e2e.TestAuth" name="test_register_pending_then_blocked_login" time="0.650" /><testcase classname="tests.test_helpdesk_e2e.TestTicketLifecycle" name="test_create_ticket_priority_and_autoassign" time="1.326" /><testcase classname="tests.test_helpdesk_e2e.TestAdminConfigKanbanTimelineMonitor" name="test_kanban_columns" time="0.106" /><testcase classname="tests.test_helpdesk_e2e.TestAdminConfigKanbanTimelineMonitor" name="test_timeline_events" time="0.105" /><testcase classname="tests.test_helpdesk_e2e.TestAdminConfigKanbanTimelineMonitor" name="test_monitor_users_and_tickets" time="0.223" /><testcase classname="tests.test_helpdesk_e2e.TestAdminConfigKanbanTimelineMonitor" name="test_non_admin_blocked_from_admin_routes" time="0.288" /><testcase classname="tests.test_helpdesk_e2e.TestTicketLifecycle" name="test_employee_ticket_appears_in_my_tickets" time="0.230" /><testcase classname="tests.test_helpdesk_e2e.TestTicketLifecycle" name="test_employee_cannot_create_ticket_role_blocked_for_technician" time="0.119" /><testcase classname="tests.test_helpdesk_e2e.TestTicketLifecycle" name="test_technician_queue_visible" time="0.254" /><testcase classname="tests.test_helpdesk_e2e.TestTicketLifecycle" name="test_employee_cannot_access_queue" time="0.109" /><testcase classname="tests.test_helpdesk_e2e.TestAdminUserManagement" name="test_admin_create_user_direct" time="2.199" /><testcase classname="tests.test_helpdesk_e2e.TestAdminUserManagement" name="test_admin_activate_pending_user" time="1.127" /><testcase classname="tests.test_helpdesk_e2e.TestAdminUserManagement" name="test_admin_suspend_and_deactivate" time="69.059" /><testcase classname="tests.test_helpdesk_e2e.TestLocksMessagesResolveCsat" name="test_lock_acquire_and_conflict" time="39.526" /><testcase classname="tests.test_helpdesk_e2e.TestLocksMessagesResolveCsat" name="test_send_message_and_attachment" time="19.959" /><testcase classname="tests.test_helpdesk_e2e.TestLocksMessagesResolveCsat" name="test_resolve_ticket_creates_csat" time="0.222" /><testcase classname="tests.test_helpdesk_e2e.TestLocksMessagesResolveCsat" name="test_csat_submit_and_block_resubmit" time="0.263" /><testcase classname="tests.test_helpdesk_e2e.TestEscalationReassignment" name="test_escalate_flow" time="2.109" /><testcase classname="tests.test_helpdesk_e2e.TestAdminUserManagement" name="test_non_admin_cannot_list_users" time="0.107" /><testcase classname="tests.test_helpdesk_e2e.TestRejectAndTags" name="test_reject_ticket" time="1.350" /><testcase classname="tests.test_helpdesk_e2e.TestRejectAndTags" name="test_tags_create_attach_remove" time="0.442" /></testsuite></testsuites>