<?xml version="1.0" encoding="utf-8"?><testsuites name="pytest tests"><testsuite name="pytest" errors="0" failures="0" skipped="0" tests="38" time="10.610" timestamp="2026-07-06T20:38:12.981427+00:00" hostname="agent-env-2780245b-25cb-412f-90e2-0a066d2446cd"><testcase classname="tests.test_helpdesk_e2e.TestAuth" name="test_login_success_all_roles" time="1.586" /><testcase classname="tests.test_helpdesk_e2e.TestAuth" name="test_login_invalid_password" time="0.443" /><testcase classname="tests.test_helpdesk_e2e.TestAuth" name="test_login_unknown_user" time="0.003" /><testcase classname="tests.test_helpdesk_e2e.TestAdminConfigKanbanTimelineMonitor" name="test_get_and_switch_algorithm" time="2.268" /><testcase classname="tests.test_helpdesk_e2e.TestAuth" name="test_me_endpoint" time="0.002" /><testcase classname="tests.test_helpdesk_e2e.TestAuth" name="test_register_pending_then_blocked_login" time="0.453" /><testcase classname="tests.test_helpdesk_e2e.TestAdminConfigKanbanTimelineMonitor" name="test_sla_policy_edit_persists" time="0.233" /><testcase classname="tests.test_helpdesk_e2e.TestTicketLifecycle" name="test_create_ticket_priority_and_autoassign" time="1.179" /><testcase classname="tests.test_helpdesk_e2e.TestAdminConfigKanbanTimelineMonitor" name="test_kanban_columns" time="0.004" /><testcase classname="tests.test_helpdesk_e2e.TestAdminConfigKanbanTimelineMonitor" name="test_timeline_events" time="0.008" /><testcase classname="tests.test_helpdesk_e2e.TestAdminConfigKanbanTimelineMonitor" name="test_monitor_users_and_tickets" time="0.008" /><testcase classname="tests.test_helpdesk_e2e.TestAdminConfigKanbanTimelineMonitor" name="test_non_admin_blocked_from_admin_routes" time="0.003" /><testcase classname="tests.test_helpdesk_e2e.TestAdminUserManagement" name="test_admin_create_user_direct" time="1.143" /><testcase classname="tests.test_helpdesk_e2e.TestTicketLifecycle" name="test_employee_ticket_appears_in_my_tickets" time="0.005" /><testcase classname="tests.test_helpdesk_e2e.TestAdminUserManagement" name="test_admin_activate_pending_user" time="0.690" /><testcase classname="tests.test_helpdesk_e2e.TestTicketLifecycle" name="test_employee_cannot_create_ticket_role_blocked_for_technician" time="0.224" /><testcase classname="tests.test_helpdesk_e2e.TestTicketLifecycle" name="test_technician_queue_visible" time="0.005" /><testcase classname="tests.test_helpdesk_e2e.TestTicketLifecycle" name="test_employee_cannot_access_queue" time="0.002" /><testcase classname="tests.test_helpdesk_e2e.TestAdminUserManagement" name="test_admin_suspend_and_deactivate" time="1.128" /><testcase classname="tests.test_helpdesk_e2e.TestAdminUserManagement" name="test_non_admin_cannot_list_users" time="0.003" /><testcase classname="tests.test_helpdesk_v2_batch2.TestPaginationAllTickets" name="test_all_tickets_returns_paginated_shape" time="0.913" /><testcase classname="tests.test_helpdesk_v2_batch2.TestPaginationAllTickets" name="test_all_tickets_page_2_differs" time="0.006" /><testcase classname="tests.test_helpdesk_v2_batch2.TestPaginationAllTickets" name="test_unassigned_queue_filter" time="0.004" /><testcase classname="tests.test_helpdesk_v2_batch2.TestPaginationCsat" name="test_csat_admin_paginated_shape" time="0.005" /><testcase classname="tests.test_helpdesk_v2_batch2.TestPaginationCsat" name="test_csat_employee_allowed_scoped_to_self" time="0.007" /><testcase classname="tests.test_helpdesk_v2_batch2.TestPaginationCsat" name="test_csat_technician_forbidden" time="0.002" /><testcase classname="tests.test_helpdesk_e2e.TestLocksMessagesResolveCsat" name="test_lock_acquire_and_conflict" time="2.995" /><testcase classname="tests.test_helpdesk_e2e.TestLocksMessagesResolveCsat" name="test_send_message_and_attachment" time="0.456" /><testcase classname="tests.test_helpdesk_e2e.TestLocksMessagesResolveCsat" name="test_resolve_ticket_creates_csat" time="0.014" /><testcase classname="tests.test_helpdesk_e2e.TestLocksMessagesResolveCsat" name="test_csat_submit_and_block_resubmit" time="0.007" /><testcase classname="tests.test_helpdesk_v2_batch2.TestMessageAttachmentOnlyBugFix" name="test_message_with_attachment_no_content_succeeds" time="0.921" /><testcase classname="tests.test_helpdesk_v2_batch2.TestMessageAttachmentOnlyBugFix" name="test_message_with_no_content_and_no_attachment_fails_422" time="0.009" /><testcase classname="tests.test_helpdesk_e2e.TestRejectAndTags" name="test_reject_ticket" time="2.338" /><testcase classname="tests.test_helpdesk_e2e.TestRejectAndTags" name="test_tags_create_attach_remove" time="0.493" /><testcase classname="tests.test_helpdesk_v2_batch2.TestAdminTicketCreationAsSelf" name="test_admin_create_ticket_no_requester_dropdown_creates_as_self" time="0.006" /><testcase classname="tests.test_helpdesk_v2_batch2.TestAdminTicketCreationAsSelf" name="test_admin_create_ticket_ignores_requester_id_if_sent" time="0.006" /><testcase classname="tests.test_helpdesk_e2e.TestEscalationReassignment" name="test_escalate_flow" time="1.978" /><testcase classname="tests.test_helpdesk_v2_batch2.TestPaginationUsers" name="test_users_returns_paginated_shape" time="0.003" /></testsuite></testsuites>